<?xml version="1.0" encoding="UTF-8"?>
<!-- Generated by org.testng.reporters.JUnitXMLReporter -->
<testsuite ignored="0" hostname="LAPTOP-MG944UUG" failures="1" tests="4" name="Test" time="0.083" errors="0" timestamp="2021-08-21T11:47:10 IST">
  <testcase classname="TestCode.UnitTest" name="diffTest" time="0.015"/>
  <testcase classname="TestCode.UnitTest" name="divTest" time="0.003">
    <failure type="java.lang.AssertionError" message="did not expect to find [0.6] but found [0.5]">
      <![CDATA[java.lang.AssertionError: did not expect to find [0.6] but found [0.5]
at TestCode.UnitTest.divTest(UnitTest.java:30)
at java.base/java.util.ArrayList.forEach(ArrayList.java:1511)
... Removed 31 stack frames]]>
    </failure>
  </testcase> <!-- divTest -->
  <testcase classname="TestCode.UnitTest" name="mulTest" time="0.002"/>
  <testcase classname="TestCode.UnitTest" name="sumTest" time="0.002"/>
</testsuite> <!-- Test -->
